;  LST file generated by mikroListExporter - v.2.0 
; Date/Time: 1/24/2023 11:42:53 PM
;----------------------------------------------

;Address Opcode 	ASM
0x0000	0x294D      	GOTO       333
_interrupt:
0x0004	0x00FF      	MOVWF      R15
0x0005	0x0E03      	SWAPF      STATUS, 0
0x0006	0x0183      	CLRF       STATUS
0x0007	0x00B5      	MOVWF      ___saveSTATUS
0x0008	0x080A      	MOVF       PCLATH, 0
0x0009	0x00B4      	MOVWF      ___savePCLATH
0x000A	0x018A      	CLRF       PCLATH
0x000B	0x0870      	MOVF       R0, 0
0x000C	0x00A3      	MOVWF      35
0x000D	0x0871      	MOVF       R1, 0
0x000E	0x00A2      	MOVWF      34
0x000F	0x0872      	MOVF       R2, 0
0x0010	0x00A1      	MOVWF      33
;FinalPIC2.c,14 :: 		void interrupt(void){
;FinalPIC2.c,15 :: 		if(INTCON&0x04){// will get here every 1ms
0x0011	0x1D0B      	BTFSS      INTCON, 2
0x0012	0x282A      	GOTO       L_interrupt0
;FinalPIC2.c,16 :: 		TMR0=248;
0x0013	0x30F8      	MOVLW      248
0x0014	0x0081      	MOVWF      TMR0
;FinalPIC2.c,17 :: 		Dcntr++;
0x0015	0x0AAC      	INCF       _Dcntr, 1
0x0016	0x1903      	BTFSC      STATUS, 2
0x0017	0x0AAD      	INCF       _Dcntr+1, 1
;FinalPIC2.c,18 :: 		if(Dcntr==500){//after 500 ms
0x0018	0x082D      	MOVF       _Dcntr+1, 0
0x0019	0x3A01      	XORLW      1
0x001A	0x1D03      	BTFSS      STATUS, 2
0x001B	0x281E      	GOTO       L__interrupt13
0x001C	0x30F4      	MOVLW      244
0x001D	0x062C      	XORWF      _Dcntr, 0
L__interrupt13:
0x001E	0x1D03      	BTFSS      STATUS, 2
0x001F	0x2828      	GOTO       L_interrupt1
;FinalPIC2.c,19 :: 		Dcntr=0;
0x0020	0x01AC      	CLRF       _Dcntr
0x0021	0x01AD      	CLRF       _Dcntr+1
;FinalPIC2.c,20 :: 		myreading = ATD_read(); //taking the result every 500ms
0x0022	0x2107      	CALL       _ATD_read
0x0023	0x0870      	MOVF       R0, 0
0x0024	0x1283      	BCF        STATUS, 5
0x0025	0x00B2      	MOVWF      _myreading
0x0026	0x0871      	MOVF       R0+1, 0
0x0027	0x00B3      	MOVWF      _myreading+1
;FinalPIC2.c,22 :: 		}
L_interrupt1:
;FinalPIC2.c,23 :: 		INTCON = INTCON & 0xFB; //clear T0IF
0x0028	0x30FB      	MOVLW      251
0x0029	0x058B      	ANDWF      INTCON, 1
;FinalPIC2.c,24 :: 		}
L_interrupt0:
;FinalPIC2.c,25 :: 		}
L_end_interrupt:
L__interrupt12:
0x002A	0x0823      	MOVF       35, 0
0x002B	0x00F0      	MOVWF      R0
0x002C	0x0822      	MOVF       34, 0
0x002D	0x00F1      	MOVWF      R1
0x002E	0x0821      	MOVF       33, 0
0x002F	0x00F2      	MOVWF      R2
0x0030	0x0834      	MOVF       ___savePCLATH, 0
0x0031	0x008A      	MOVWF      PCLATH
0x0032	0x0E35      	SWAPF      ___saveSTATUS, 0
0x0033	0x0083      	MOVWF      STATUS
0x0034	0x0EFF      	SWAPF      R15, 1
0x0035	0x0E7F      	SWAPF      R15, 0
0x0036	0x0009      	RETFIE
; end of _interrupt
_FIXSIGN32:
;__Lib_MathDouble.c,112 :: 		
;__Lib_MathDouble.c,116 :: 		
0x0037	0x1FFA      	BTFSS      R10, 7
;__Lib_MathDouble.c,117 :: 		
0x0038	0x13F2      	BCF        R2, 7
;__Lib_MathDouble.c,118 :: 		
0x0039	0x3000      	MOVLW      0
;__Lib_MathDouble.c,120 :: 		
L_end_FIXSIGN32:
0x003A	0x0008      	RETURN
; end of _FIXSIGN32
_SETFUN32:
;__Lib_MathDouble.c,138 :: 		
;__Lib_MathDouble.c,145 :: 		
0x003B	0x157B      	BSF        R11, 2
;__Lib_MathDouble.c,146 :: 		
0x003C	0x1FFB      	BTFSS      R11, 7
;__Lib_MathDouble.c,147 :: 		
0x003D	0x2845      	GOTO       SETFUN32EEE
;__Lib_MathDouble.c,148 :: 		
0x003E	0x3001      	MOVLW      1
;__Lib_MathDouble.c,149 :: 		
0x003F	0x00F3      	MOVWF      R3
;__Lib_MathDouble.c,150 :: 		
0x0040	0x01F2      	CLRF       R2
;__Lib_MathDouble.c,151 :: 		
0x0041	0x01F1      	CLRF       R1
;__Lib_MathDouble.c,152 :: 		
0x0042	0x01F0      	CLRF       R0
;__Lib_MathDouble.c,153 :: 		
0x0043	0x0DFA      	RLF        R10, 1
;__Lib_MathDouble.c,154 :: 		
0x0044	0x0CF2      	RRF        R2, 1
;__Lib_MathDouble.c,155 :: 		
SETFUN32EEE:
;__Lib_MathDouble.c,156 :: 		
0x0045	0x30FF      	MOVLW      255
;__Lib_MathDouble.c,158 :: 		
L_end_SETFUN32:
0x0046	0x0008      	RETURN
; end of _SETFUN32
_RES032:
;__Lib_MathDouble.c,123 :: 		
;__Lib_MathDouble.c,128 :: 		
0x0047	0x01F2      	CLRF       R2
;__Lib_MathDouble.c,129 :: 		
0x0048	0x01F1      	CLRF       R1
;__Lib_MathDouble.c,130 :: 		
0x0049	0x01F0      	CLRF       R0
;__Lib_MathDouble.c,131 :: 		
0x004A	0x01F8      	CLRF       R8
;__Lib_MathDouble.c,132 :: 		
0x004B	0x01F3      	CLRF       R3
;__Lib_MathDouble.c,133 :: 		
0x004C	0x3000      	MOVLW      0
;__Lib_MathDouble.c,135 :: 		
L_end_RES032:
0x004D	0x0008      	RETURN
; end of _RES032
_____DoICP:
;__Lib_System.c,6 :: 		
;__Lib_System.c,9 :: 		
0x004E	0x1283      	BCF        STATUS, 5
0x004F	0x1303      	BCF        STATUS, 6
0x0050	0x082F      	MOVF       ___DoICPAddr+1, 0
0x0051	0x008A      	MOVWF      PCLATH
;__Lib_System.c,10 :: 		
0x0052	0x082E      	MOVF       ___DoICPAddr, 0
0x0053	0x0082      	MOVWF      PCL
;__Lib_System.c,12 :: 		
L_end_____DoICP:
0x0054	0x0008      	RETURN
; end of _____DoICP
_NRM3232:
;__Lib_MathDouble.c,167 :: 		
;__Lib_MathDouble.c,173 :: 		
;__Lib_MathDouble.c,175 :: 		
0x0055	0x01A0      	CLRF       __math_tempbD
;__Lib_MathDouble.c,176 :: 		
0x0056	0x0872      	MOVF       R2, 0
;__Lib_MathDouble.c,177 :: 		
0x0057	0x1D03      	BTFSS      STATUS, 2
;__Lib_MathDouble.c,178 :: 		
0x0058	0x286A      	GOTO       NORM3232
;__Lib_MathDouble.c,179 :: 		
0x0059	0x0871      	MOVF       R1, 0
;__Lib_MathDouble.c,180 :: 		
0x005A	0x00F2      	MOVWF      R2
;__Lib_MathDouble.c,181 :: 		
0x005B	0x0870      	MOVF       R0, 0
;__Lib_MathDouble.c,182 :: 		
0x005C	0x00F1      	MOVWF      R1
;__Lib_MathDouble.c,183 :: 		
0x005D	0x01F0      	CLRF       R0
;__Lib_MathDouble.c,184 :: 		
0x005E	0x15A0      	BSF        __math_tempbD, 3
;__Lib_MathDouble.c,186 :: 		
0x005F	0x0872      	MOVF       R2, 0
;__Lib_MathDouble.c,187 :: 		
0x0060	0x1D03      	BTFSS      STATUS, 2
;__Lib_MathDouble.c,188 :: 		
0x0061	0x286A      	GOTO       NORM3232
;__Lib_MathDouble.c,189 :: 		
0x0062	0x0871      	MOVF       R1, 0
;__Lib_MathDouble.c,190 :: 		
0x0063	0x00F2      	MOVWF      R2
;__Lib_MathDouble.c,191 :: 		
0x0064	0x01F1      	CLRF       R1
;__Lib_MathDouble.c,192 :: 		
0x0065	0x11A0      	BCF        __math_tempbD, 3
;__Lib_MathDouble.c,193 :: 		
0x0066	0x1620      	BSF        __math_tempbD, 4
;__Lib_MathDouble.c,195 :: 		
0x0067	0x0872      	MOVF       R2, 0
;__Lib_MathDouble.c,196 :: 		
0x0068	0x1903      	BTFSC      STATUS, 2
;__Lib_MathDouble.c,197 :: 		
0x0069	0x2878      	GOTO       JPNRES032
;__Lib_MathDouble.c,198 :: 		
NORM3232:
;__Lib_MathDouble.c,199 :: 		
0x006A	0x0820      	MOVF       __math_tempbD, 0
;__Lib_MathDouble.c,200 :: 		
0x006B	0x02F3      	SUBWF      R3, 1
;__Lib_MathDouble.c,201 :: 		
0x006C	0x1D03      	BTFSS      STATUS, 2
;__Lib_MathDouble.c,202 :: 		
0x006D	0x1C03      	BTFSS      STATUS, 0
;__Lib_MathDouble.c,203 :: 		
0x006E	0x287C      	GOTO       JPNSETFUN32
;__Lib_MathDouble.c,204 :: 		
0x006F	0x1003      	BCF        STATUS, 0
;__Lib_MathDouble.c,205 :: 		
NORM3232A:
;__Lib_MathDouble.c,206 :: 		
0x0070	0x1BF2      	BTFSC      R2, 7
;__Lib_MathDouble.c,207 :: 		
0x0071	0x2880      	GOTO       JMPNFIXSIGN32
;__Lib_MathDouble.c,208 :: 		
0x0072	0x0DF0      	RLF        R0, 1
;__Lib_MathDouble.c,209 :: 		
0x0073	0x0DF1      	RLF        R1, 1
;__Lib_MathDouble.c,210 :: 		
0x0074	0x0DF2      	RLF        R2, 1
;__Lib_MathDouble.c,211 :: 		
0x0075	0x0BF3      	DECFSZ     R3, 1
;__Lib_MathDouble.c,212 :: 		
0x0076	0x2870      	GOTO       NORM3232A
;__Lib_MathDouble.c,213 :: 		
0x0077	0x287C      	GOTO       JPNSETFUN32
;__Lib_MathDouble.c,214 :: 		
JPNRES032:
;__Lib_MathDouble.c,215 :: 		
0x0078	0x3001      	MOVLW      1
;__Lib_MathDouble.c,216 :: 		
0x0079	0x00FC      	MOVWF      R12
;__Lib_MathDouble.c,218 :: 		
0x007A	0x2047      	CALL       _RES032
;__Lib_MathDouble.c,220 :: 		
0x007B	0x2883      	GOTO       NORM32EEE
;__Lib_MathDouble.c,221 :: 		
JPNSETFUN32:
;__Lib_MathDouble.c,222 :: 		
0x007C	0x3002      	MOVLW      2
;__Lib_MathDouble.c,223 :: 		
0x007D	0x00FC      	MOVWF      R12
;__Lib_MathDouble.c,225 :: 		
0x007E	0x203B      	CALL       _SETFUN32
;__Lib_MathDouble.c,227 :: 		
0x007F	0x2883      	GOTO       NORM32EEE
;__Lib_MathDouble.c,228 :: 		
JMPNFIXSIGN32:
;__Lib_MathDouble.c,229 :: 		
0x0080	0x3004      	MOVLW      4
;__Lib_MathDouble.c,230 :: 		
0x0081	0x00FC      	MOVWF      R12
;__Lib_MathDouble.c,232 :: 		
0x0082	0x2037      	CALL       _FIXSIGN32
;__Lib_MathDouble.c,234 :: 		
NORM32EEE:
;__Lib_MathDouble.c,236 :: 		
L_end_NRM3232:
0x0083	0x0008      	RETURN
; end of _NRM3232
_Compare_Double:
;__Lib_MathDouble.c,2053 :: 		
;__Lib_MathDouble.c,2062 :: 		
;__Lib_MathDouble.c,2064 :: 		
0x0084	0x1283      	BCF        STATUS, 5
;__Lib_MathDouble.c,2065 :: 		
0x0085	0x1303      	BCF        STATUS, 6
;__Lib_MathDouble.c,2067 :: 		
0x0086	0x01FA      	CLRF       R10
;__Lib_MathDouble.c,2068 :: 		
0x0087	0x0873      	MOVF       R3, 0
;__Lib_MathDouble.c,2069 :: 		
0x0088	0x1D03      	BTFSS      STATUS, 2
;__Lib_MathDouble.c,2070 :: 		
0x0089	0x147A      	BSF        R10, 0
;__Lib_MathDouble.c,2071 :: 		
0x008A	0x0877      	MOVF       R7, 0
;__Lib_MathDouble.c,2072 :: 		
0x008B	0x1D03      	BTFSS      STATUS, 2
;__Lib_MathDouble.c,2073 :: 		
0x008C	0x14FA      	BSF        R10, 1
;__Lib_MathDouble.c,2075 :: 		
0x008D	0x087A      	MOVF       R10, 0
;__Lib_MathDouble.c,2076 :: 		
0x008E	0x1903      	BTFSC      STATUS, 2
;__Lib_MathDouble.c,2077 :: 		
0x008F	0x28D0      	GOTO       COMPARE_EQU
;__Lib_MathDouble.c,2078 :: 		
0x0090	0x3A03      	XORLW      3
;__Lib_MathDouble.c,2079 :: 		
0x0091	0x1903      	BTFSC      STATUS, 2
;__Lib_MathDouble.c,2080 :: 		
0x0092	0x289B      	GOTO       COMPARE_NOTZERO
;__Lib_MathDouble.c,2082 :: 		
0x0093	0x187A      	BTFSC      R10, 0
;__Lib_MathDouble.c,2083 :: 		
0x0094	0x2898      	GOTO       COMPARE_XNOTZERO
;__Lib_MathDouble.c,2085 :: 		
0x0095	0x1FF6      	BTFSS      R6, 7
;__Lib_MathDouble.c,2086 :: 		
0x0096	0x28CE      	GOTO       COMPARE_LT
;__Lib_MathDouble.c,2087 :: 		
0x0097	0x28CC      	GOTO       COMPARE_GT
;__Lib_MathDouble.c,2088 :: 		
COMPARE_XNOTZERO:
;__Lib_MathDouble.c,2089 :: 		
0x0098	0x1FF2      	BTFSS      R2, 7
;__Lib_MathDouble.c,2090 :: 		
0x0099	0x28CC      	GOTO       COMPARE_GT
;__Lib_MathDouble.c,2091 :: 		
0x009A	0x28CE      	GOTO       COMPARE_LT
;__Lib_MathDouble.c,2093 :: 		
COMPARE_NOTZERO:
;__Lib_MathDouble.c,2094 :: 		
0x009B	0x0872      	MOVF       R2, 0
;__Lib_MathDouble.c,2095 :: 		
0x009C	0x3980      	ANDLW      128
;__Lib_MathDouble.c,2096 :: 		
0x009D	0x00FA      	MOVWF      R10
;__Lib_MathDouble.c,2097 :: 		
0x009E	0x13F2      	BCF        R2, 7
;__Lib_MathDouble.c,2099 :: 		
0x009F	0x0876      	MOVF       R6, 0
;__Lib_MathDouble.c,2100 :: 		
0x00A0	0x3980      	ANDLW      128
;__Lib_MathDouble.c,2101 :: 		
0x00A1	0x13F6      	BCF        R6, 7
;__Lib_MathDouble.c,2103 :: 		
0x00A2	0x067A      	XORWF      R10, 0
;__Lib_MathDouble.c,2104 :: 		
0x00A3	0x1903      	BTFSC      STATUS, 2
;__Lib_MathDouble.c,2105 :: 		
0x00A4	0x28A9      	GOTO       COMPARE_TESTALL
;__Lib_MathDouble.c,2107 :: 		
0x00A5	0x087A      	MOVF       R10, 0
;__Lib_MathDouble.c,2108 :: 		
0x00A6	0x1903      	BTFSC      STATUS, 2
;__Lib_MathDouble.c,2109 :: 		
0x00A7	0x28CC      	GOTO       COMPARE_GT
;__Lib_MathDouble.c,2110 :: 		
0x00A8	0x28CE      	GOTO       COMPARE_LT
;__Lib_MathDouble.c,2112 :: 		
COMPARE_TESTALL:
;__Lib_MathDouble.c,2113 :: 		
0x00A9	0x0877      	MOVF       R7, 0
;__Lib_MathDouble.c,2114 :: 		
0x00AA	0x0273      	SUBWF      R3, 0
;__Lib_MathDouble.c,2115 :: 		
0x00AB	0x1903      	BTFSC      STATUS, 2
;__Lib_MathDouble.c,2116 :: 		
0x00AC	0x28B0      	GOTO       COMPARE_C1
;__Lib_MathDouble.c,2117 :: 		
0x00AD	0x1C03      	BTFSS      STATUS, 0
;__Lib_MathDouble.c,2118 :: 		
0x00AE	0x28C4      	GOTO       GT_FALSE
;__Lib_MathDouble.c,2119 :: 		
0x00AF	0x28C8      	GOTO       GT_TRUE
;__Lib_MathDouble.c,2120 :: 		
COMPARE_C1:
;__Lib_MathDouble.c,2121 :: 		
0x00B0	0x0876      	MOVF       R6, 0
;__Lib_MathDouble.c,2122 :: 		
0x00B1	0x0272      	SUBWF      R2, 0
;__Lib_MathDouble.c,2123 :: 		
0x00B2	0x1903      	BTFSC      STATUS, 2
;__Lib_MathDouble.c,2124 :: 		
0x00B3	0x28B7      	GOTO       COMPARE_C2
;__Lib_MathDouble.c,2125 :: 		
0x00B4	0x1C03      	BTFSS      STATUS, 0
;__Lib_MathDouble.c,2126 :: 		
0x00B5	0x28C4      	GOTO       GT_FALSE
;__Lib_MathDouble.c,2127 :: 		
0x00B6	0x28C8      	GOTO       GT_TRUE
;__Lib_MathDouble.c,2128 :: 		
COMPARE_C2:
;__Lib_MathDouble.c,2129 :: 		
0x00B7	0x0875      	MOVF       R5, 0
;__Lib_MathDouble.c,2130 :: 		
0x00B8	0x0271      	SUBWF      R1, 0
;__Lib_MathDouble.c,2131 :: 		
0x00B9	0x1903      	BTFSC      STATUS, 2
;__Lib_MathDouble.c,2132 :: 		
0x00BA	0x28BE      	GOTO       COMPARE_C3
;__Lib_MathDouble.c,2133 :: 		
0x00BB	0x1C03      	BTFSS      STATUS, 0
;__Lib_MathDouble.c,2134 :: 		
0x00BC	0x28C4      	GOTO       GT_FALSE
;__Lib_MathDouble.c,2135 :: 		
0x00BD	0x28C8      	GOTO       GT_TRUE
;__Lib_MathDouble.c,2136 :: 		
COMPARE_C3:
;__Lib_MathDouble.c,2137 :: 		
0x00BE	0x0874      	MOVF       R4, 0
;__Lib_MathDouble.c,2138 :: 		
0x00BF	0x0270      	SUBWF      R0, 0
;__Lib_MathDouble.c,2139 :: 		
0x00C0	0x1903      	BTFSC      STATUS, 2
;__Lib_MathDouble.c,2140 :: 		
0x00C1	0x28D0      	GOTO       COMPARE_EQU
;__Lib_MathDouble.c,2141 :: 		
0x00C2	0x1803      	BTFSC      STATUS, 0
;__Lib_MathDouble.c,2142 :: 		
0x00C3	0x28C8      	GOTO       GT_TRUE
;__Lib_MathDouble.c,2144 :: 		
GT_FALSE:
;__Lib_MathDouble.c,2145 :: 		
0x00C4	0x08FA      	MOVF       R10, 1
;__Lib_MathDouble.c,2146 :: 		
0x00C5	0x1903      	BTFSC      STATUS, 2
;__Lib_MathDouble.c,2147 :: 		
0x00C6	0x28CE      	GOTO       COMPARE_LT
;__Lib_MathDouble.c,2148 :: 		
0x00C7	0x28CC      	GOTO       COMPARE_GT
;__Lib_MathDouble.c,2149 :: 		
GT_TRUE:
;__Lib_MathDouble.c,2150 :: 		
0x00C8	0x08FA      	MOVF       R10, 1
;__Lib_MathDouble.c,2151 :: 		
0x00C9	0x1903      	BTFSC      STATUS, 2
;__Lib_MathDouble.c,2152 :: 		
0x00CA	0x28CC      	GOTO       COMPARE_GT
;__Lib_MathDouble.c,2153 :: 		
0x00CB	0x28CE      	GOTO       COMPARE_LT
;__Lib_MathDouble.c,2155 :: 		
COMPARE_GT:
;__Lib_MathDouble.c,2158 :: 		
0x00CC	0x1403      	BSF        STATUS, 0
;__Lib_MathDouble.c,2159 :: 		
0x00CD	0x0008      	RETURN
;__Lib_MathDouble.c,2160 :: 		
COMPARE_LT:
;__Lib_MathDouble.c,2163 :: 		
0x00CE	0x1003      	BCF        STATUS, 0
;__Lib_MathDouble.c,2164 :: 		
0x00CF	0x0008      	RETURN
;__Lib_MathDouble.c,2165 :: 		
COMPARE_EQU:
;__Lib_MathDouble.c,2168 :: 		
0x00D0	0x1403      	BSF        STATUS, 0
;__Lib_MathDouble.c,2169 :: 		
0x00D1	0x1503      	BSF        STATUS, 2
;__Lib_MathDouble.c,2170 :: 		
0x00D2	0x0008      	RETURN
;__Lib_MathDouble.c,2172 :: 		
L_end_Compare_Double:
0x00D3	0x0008      	RETURN
; end of _Compare_Double
_word2double:
;__Lib_MathDouble.c,1862 :: 		
;__Lib_MathDouble.c,1868 :: 		
0x00D4	0x1283      	BCF        STATUS, 5
;__Lib_MathDouble.c,1869 :: 		
0x00D5	0x1303      	BCF        STATUS, 6
;__Lib_MathDouble.c,1870 :: 		
0x00D6	0x0870      	MOVF       R0, 0
;__Lib_MathDouble.c,1871 :: 		
0x00D7	0x00F8      	MOVWF      R8
;__Lib_MathDouble.c,1872 :: 		
0x00D8	0x0871      	MOVF       R1, 0
;__Lib_MathDouble.c,1873 :: 		
0x00D9	0x00F0      	MOVWF      R0
;__Lib_MathDouble.c,1874 :: 		
0x00DA	0x01F1      	CLRF       R1
;__Lib_MathDouble.c,1875 :: 		
0x00DB	0x01F2      	CLRF       R2
;__Lib_MathDouble.c,1876 :: 		
0x00DC	0x01F3      	CLRF       R3
;__Lib_MathDouble.c,1879 :: 		
0x00DD	0x01FB      	CLRF       R11
;__Lib_MathDouble.c,1880 :: 		
0x00DE	0x01FC      	CLRF       R12
;__Lib_MathDouble.c,1882 :: 		
0x00DF	0x3096      	MOVLW      150
;__Lib_MathDouble.c,1883 :: 		
0x00E0	0x00F3      	MOVWF      R3
;__Lib_MathDouble.c,1884 :: 		
0x00E1	0x01FA      	CLRF       R10
;__Lib_MathDouble.c,1886 :: 		
0x00E2	0x0870      	MOVF       R0, 0
;__Lib_MathDouble.c,1887 :: 		
0x00E3	0x00F1      	MOVWF      R1
;__Lib_MathDouble.c,1888 :: 		
0x00E4	0x0878      	MOVF       R8, 0
;__Lib_MathDouble.c,1889 :: 		
0x00E5	0x00F0      	MOVWF      R0
;__Lib_MathDouble.c,1890 :: 		
0x00E6	0x01F8      	CLRF       R8
;__Lib_MathDouble.c,1891 :: 		
0x00E7	0x01F2      	CLRF       R2
;__Lib_MathDouble.c,1893 :: 		
0x00E8	0x2055      	CALL       _NRM3232
;__Lib_MathDouble.c,1894 :: 		
L_end_word2double:
0x00E9	0x0008      	RETURN
; end of _word2double
_Div_16X16_U:
;__Lib_Math.c,215 :: 		
;__Lib_Math.c,222 :: 		
0x00EA	0x1283      	BCF        STATUS, 5
;__Lib_Math.c,223 :: 		
0x00EB	0x1303      	BCF        STATUS, 6
;__Lib_Math.c,224 :: 		
0x00EC	0x01F8      	CLRF       R8
;__Lib_Math.c,225 :: 		
0x00ED	0x01F9      	CLRF       R9
;__Lib_Math.c,226 :: 		
0x00EE	0x3010      	MOVLW      16
;__Lib_Math.c,227 :: 		
0x00EF	0x00FC      	MOVWF      R12
;__Lib_Math.c,228 :: 		
0x00F0	0x0D71      	RLF        R1, 0
;__Lib_Math.c,229 :: 		
0x00F1	0x0DF8      	RLF        R8, 1
;__Lib_Math.c,230 :: 		
0x00F2	0x0DF9      	RLF        R9, 1
;__Lib_Math.c,231 :: 		
0x00F3	0x0874      	MOVF       R4, 0
;__Lib_Math.c,232 :: 		
0x00F4	0x02F8      	SUBWF      R8, 1
;__Lib_Math.c,233 :: 		
0x00F5	0x0875      	MOVF       R5, 0
;__Lib_Math.c,234 :: 		
0x00F6	0x1C03      	BTFSS      STATUS, 0
;__Lib_Math.c,235 :: 		
0x00F7	0x0F75      	INCFSZ     R5, 0
;__Lib_Math.c,236 :: 		
0x00F8	0x02F9      	SUBWF      R9, 1
;__Lib_Math.c,237 :: 		
0x00F9	0x1803      	BTFSC      STATUS, 0
;__Lib_Math.c,238 :: 		
0x00FA	0x2902      	GOTO       $+8
;__Lib_Math.c,239 :: 		
0x00FB	0x0874      	MOVF       R4, 0
;__Lib_Math.c,240 :: 		
0x00FC	0x07F8      	ADDWF      R8, 1
;__Lib_Math.c,241 :: 		
0x00FD	0x0875      	MOVF       R5, 0
;__Lib_Math.c,242 :: 		
0x00FE	0x1803      	BTFSC      STATUS, 0
;__Lib_Math.c,243 :: 		
0x00FF	0x0F75      	INCFSZ     R5, 0
;__Lib_Math.c,244 :: 		
0x0100	0x07F9      	ADDWF      R9, 1
;__Lib_Math.c,245 :: 		
0x0101	0x1003      	BCF        STATUS, 0
;__Lib_Math.c,246 :: 		
0x0102	0x0DF0      	RLF        R0, 1
;__Lib_Math.c,247 :: 		
0x0103	0x0DF1      	RLF        R1, 1
;__Lib_Math.c,248 :: 		
0x0104	0x0BFC      	DECFSZ     R12, 1
;__Lib_Math.c,249 :: 		
0x0105	0x28F0      	GOTO       $-21
;__Lib_Math.c,251 :: 		
L_end_Div_16X16_U:
0x0106	0x0008      	RETURN
; end of _Div_16X16_U
_ATD_read:
;FinalPIC2.c,61 :: 		unsigned int ATD_read(void){
;FinalPIC2.c,62 :: 		ADCON0 = ADCON0 | 0x04;// GO
0x0107	0x1283      	BCF        STATUS, 5
0x0108	0x1303      	BCF        STATUS, 6
0x0109	0x151F      	BSF        ADCON0, 2
;FinalPIC2.c,63 :: 		while(ADCON0 & 0x04); // Wait for the conversion to complete
L_ATD_read8:
0x010A	0x1D1F      	BTFSS      ADCON0, 2
0x010B	0x290D      	GOTO       L_ATD_read9
0x010C	0x290A      	GOTO       L_ATD_read8
L_ATD_read9:
;FinalPIC2.c,64 :: 		return((ADRESH<<8) | ADRESL); }  //return the result from the ATD conversion
0x010D	0x081E      	MOVF       ADRESH, 0
0x010E	0x00F1      	MOVWF      R0+1
0x010F	0x01F0      	CLRF       R0
0x0110	0x1683      	BSF        STATUS, 5
0x0111	0x081E      	MOVF       ADRESL, 0
0x0112	0x04F0      	IORWF      R0, 1
0x0113	0x3000      	MOVLW      0
0x0114	0x04F1      	IORWF      R0+1, 1
L_end_ATD_read:
0x0115	0x0008      	RETURN
; end of _ATD_read
_Mul_16X16_U:
;__Lib_Math.c,136 :: 		
;__Lib_Math.c,143 :: 		
0x0116	0x1283      	BCF        STATUS, 5
;__Lib_Math.c,144 :: 		
0x0117	0x1303      	BCF        STATUS, 6
;__Lib_Math.c,145 :: 		
0x0118	0x01FB      	CLRF       R11
;__Lib_Math.c,146 :: 		
0x0119	0x01FA      	CLRF       R10
;__Lib_Math.c,147 :: 		
0x011A	0x01F9      	CLRF       R9
;__Lib_Math.c,148 :: 		
0x011B	0x3080      	MOVLW      128
;__Lib_Math.c,149 :: 		
0x011C	0x00F8      	MOVWF      R8
;__Lib_Math.c,150 :: 		
0x011D	0x0CF1      	RRF        R1, 1
;__Lib_Math.c,151 :: 		
0x011E	0x0CF0      	RRF        R0, 1
;__Lib_Math.c,152 :: 		
0x011F	0x1C03      	BTFSS      STATUS, 0
;__Lib_Math.c,153 :: 		
0x0120	0x292A      	GOTO       $+10
;__Lib_Math.c,154 :: 		
0x0121	0x0874      	MOVF       R4, 0
;__Lib_Math.c,155 :: 		
0x0122	0x07F9      	ADDWF      R9, 1
;__Lib_Math.c,156 :: 		
0x0123	0x0875      	MOVF       R5, 0
;__Lib_Math.c,157 :: 		
0x0124	0x1803      	BTFSC      STATUS, 0
;__Lib_Math.c,158 :: 		
0x0125	0x0F75      	INCFSZ     R5, 0
;__Lib_Math.c,159 :: 		
0x0126	0x07FA      	ADDWF      R10, 1
;__Lib_Math.c,160 :: 		
0x0127	0x1803      	BTFSC      STATUS, 0
;__Lib_Math.c,161 :: 		
0x0128	0x0AFB      	INCF       R11, 1
;__Lib_Math.c,162 :: 		
0x0129	0x1003      	BCF        STATUS, 0
;__Lib_Math.c,163 :: 		
0x012A	0x1FF0      	BTFSS      R0, 7
;__Lib_Math.c,164 :: 		
0x012B	0x2932      	GOTO       $+7
;__Lib_Math.c,165 :: 		
0x012C	0x0874      	MOVF       R4, 0
;__Lib_Math.c,166 :: 		
0x012D	0x07FA      	ADDWF      R10, 1
;__Lib_Math.c,167 :: 		
0x012E	0x0875      	MOVF       R5, 0
;__Lib_Math.c,168 :: 		
0x012F	0x1803      	BTFSC      STATUS, 0
;__Lib_Math.c,169 :: 		
0x0130	0x0F75      	INCFSZ     R5, 0
;__Lib_Math.c,170 :: 		
0x0131	0x07FB      	ADDWF      R11, 1
;__Lib_Math.c,171 :: 		
0x0132	0x0CFB      	RRF        R11, 1
;__Lib_Math.c,172 :: 		
0x0133	0x0CFA      	RRF        R10, 1
;__Lib_Math.c,173 :: 		
0x0134	0x0CF9      	RRF        R9, 1
;__Lib_Math.c,174 :: 		
0x0135	0x0CF8      	RRF        R8, 1
;__Lib_Math.c,175 :: 		
0x0136	0x1C03      	BTFSS      STATUS, 0
;__Lib_Math.c,176 :: 		
0x0137	0x291D      	GOTO       $-26
;__Lib_Math.c,177 :: 		
0x0138	0x087B      	MOVF       R11, 0
;__Lib_Math.c,178 :: 		
0x0139	0x00F3      	MOVWF      R3
;__Lib_Math.c,179 :: 		
0x013A	0x087A      	MOVF       R10, 0
;__Lib_Math.c,180 :: 		
0x013B	0x00F2      	MOVWF      R2
;__Lib_Math.c,181 :: 		
0x013C	0x0879      	MOVF       R9, 0
;__Lib_Math.c,182 :: 		
0x013D	0x00F1      	MOVWF      R1
;__Lib_Math.c,183 :: 		
0x013E	0x0878      	MOVF       R8, 0
;__Lib_Math.c,184 :: 		
0x013F	0x00F0      	MOVWF      R0
;__Lib_Math.c,187 :: 		
L_end_Mul_16X16_U:
0x0140	0x0008      	RETURN
; end of _Mul_16X16_U
___CC2DW:
;__Lib_System.c,134 :: 		
;__Lib_System.c,137 :: 		
_CC2D_Loop1:
;__Lib_System.c,139 :: 		
0x0141	0x204E      	CALL       _____DoICP
0x0142	0x118A      	BCF        PCLATH, 3
0x0143	0x120A      	BCF        PCLATH, 4
;__Lib_System.c,141 :: 		
0x0144	0x0080      	MOVWF      INDF
;__Lib_System.c,142 :: 		
0x0145	0x0A84      	INCF       FSR, 1
;__Lib_System.c,143 :: 		
0x0146	0x0AAE      	INCF       ___DoICPAddr, 1
;__Lib_System.c,145 :: 		
0x0147	0x1903      	BTFSC      STATUS, 2
;__Lib_System.c,146 :: 		
0x0148	0x0AAF      	INCF       ___DoICPAddr+1, 1
;__Lib_System.c,147 :: 		
0x0149	0x03F0      	DECF       R0, 1
;__Lib_System.c,149 :: 		
0x014A	0x1D03      	BTFSS      STATUS, 2
;__Lib_System.c,150 :: 		
0x014B	0x2941      	GOTO       _CC2D_Loop1
;__Lib_System.c,152 :: 		
L_end___CC2DW:
0x014C	0x0008      	RETURN
; end of ___CC2DW
_main:
0x014D	0x3048      	MOVLW      72
0x014E	0x1283      	BCF        STATUS, 5
0x014F	0x1303      	BCF        STATUS, 6
0x0150	0x00A4      	MOVWF      _upper_limit
0x0151	0x30E1      	MOVLW      225
0x0152	0x00A5      	MOVWF      37
0x0153	0x303A      	MOVLW      58
0x0154	0x00A6      	MOVWF      38
0x0155	0x307F      	MOVLW      127
0x0156	0x00A7      	MOVWF      39
0x0157	0x3052      	MOVLW      82
0x0158	0x00A8      	MOVWF      _lower_limit
0x0159	0x30B8      	MOVLW      184
0x015A	0x00A9      	MOVWF      41
0x015B	0x301E      	MOVLW      30
0x015C	0x00AA      	MOVWF      42
0x015D	0x307F      	MOVLW      127
0x015E	0x00AB      	MOVWF      43
;FinalPIC2.c,27 :: 		void main() {
;FinalPIC2.c,29 :: 		TRISA=TRISA|0x01;
0x015F	0x1683      	BSF        STATUS, 5
0x0160	0x1405      	BSF        TRISA, 0
;FinalPIC2.c,31 :: 		ADCON1 = 0xCE; // Configure AN0 to analog , right justified
0x0161	0x30CE      	MOVLW      206
0x0162	0x009F      	MOVWF      ADCON1
;FinalPIC2.c,32 :: 		ADCON0 = 0x41; // Enable the ADC module, select AN0 channel , Fosc/16  , don't go
0x0163	0x3041      	MOVLW      65
0x0164	0x1283      	BCF        STATUS, 5
0x0165	0x009F      	MOVWF      ADCON0
;FinalPIC2.c,33 :: 		INTCON=0xA0; //enable GIE and TMR0 interrupt
0x0166	0x30A0      	MOVLW      160
0x0167	0x008B      	MOVWF      INTCON
;FinalPIC2.c,36 :: 		TRISB=TRISB&0xfe;
0x0168	0x30FE      	MOVLW      254
0x0169	0x1683      	BSF        STATUS, 5
0x016A	0x0586      	ANDWF      TRISB, 1
;FinalPIC2.c,40 :: 		while (1) {
L_main2:
;FinalPIC2.c,43 :: 		myVoltage = (unsigned int)(myreading*5)/1023; //the range bacomes (0-5000)mV
0x016B	0x1283      	BCF        STATUS, 5
0x016C	0x0832      	MOVF       _myreading, 0
0x016D	0x00F0      	MOVWF      R0
0x016E	0x0833      	MOVF       _myreading+1, 0
0x016F	0x00F1      	MOVWF      R0+1
0x0170	0x3005      	MOVLW      5
0x0171	0x00F4      	MOVWF      R4
0x0172	0x3000      	MOVLW      0
0x0173	0x00F5      	MOVWF      R4+1
0x0174	0x2116      	CALL       _Mul_16X16_U
0x0175	0x30FF      	MOVLW      255
0x0176	0x00F4      	MOVWF      R4
0x0177	0x3003      	MOVLW      3
0x0178	0x00F5      	MOVWF      R4+1
0x0179	0x20EA      	CALL       _Div_16X16_U
0x017A	0x0870      	MOVF       R0, 0
0x017B	0x00B0      	MOVWF      _myVoltage
0x017C	0x0871      	MOVF       R0+1, 0
0x017D	0x00B1      	MOVWF      _myVoltage+1
;FinalPIC2.c,47 :: 		if ( myreading > upper_limit || myreading < lower_limit) {
0x017E	0x0832      	MOVF       _myreading, 0
0x017F	0x00F0      	MOVWF      R0
0x0180	0x0833      	MOVF       _myreading+1, 0
0x0181	0x00F1      	MOVWF      R0+1
0x0182	0x20D4      	CALL       _word2double
0x0183	0x0870      	MOVF       R0, 0
0x0184	0x00F4      	MOVWF      R4
0x0185	0x0871      	MOVF       R0+1, 0
0x0186	0x00F5      	MOVWF      R4+1
0x0187	0x0872      	MOVF       R0+2, 0
0x0188	0x00F6      	MOVWF      R4+2
0x0189	0x0873      	MOVF       R0+3, 0
0x018A	0x00F7      	MOVWF      R4+3
0x018B	0x0824      	MOVF       _upper_limit, 0
0x018C	0x00F0      	MOVWF      R0
0x018D	0x0825      	MOVF       _upper_limit+1, 0
0x018E	0x00F1      	MOVWF      R0+1
0x018F	0x0826      	MOVF       _upper_limit+2, 0
0x0190	0x00F2      	MOVWF      R0+2
0x0191	0x0827      	MOVF       _upper_limit+3, 0
0x0192	0x00F3      	MOVWF      R0+3
0x0193	0x2084      	CALL       _Compare_Double
0x0194	0x3001      	MOVLW      1
0x0195	0x1803      	BTFSC      STATUS, 0
0x0196	0x3000      	MOVLW      0
0x0197	0x00F0      	MOVWF      R0
0x0198	0x0870      	MOVF       R0, 0
0x0199	0x1D03      	BTFSS      STATUS, 2
0x019A	0x29B1      	GOTO       L__main10
0x019B	0x0832      	MOVF       _myreading, 0
0x019C	0x00F0      	MOVWF      R0
0x019D	0x0833      	MOVF       _myreading+1, 0
0x019E	0x00F1      	MOVWF      R0+1
0x019F	0x20D4      	CALL       _word2double
0x01A0	0x0828      	MOVF       _lower_limit, 0
0x01A1	0x00F4      	MOVWF      R4
0x01A2	0x0829      	MOVF       _lower_limit+1, 0
0x01A3	0x00F5      	MOVWF      R4+1
0x01A4	0x082A      	MOVF       _lower_limit+2, 0
0x01A5	0x00F6      	MOVWF      R4+2
0x01A6	0x082B      	MOVF       _lower_limit+3, 0
0x01A7	0x00F7      	MOVWF      R4+3
0x01A8	0x2084      	CALL       _Compare_Double
0x01A9	0x3001      	MOVLW      1
0x01AA	0x1803      	BTFSC      STATUS, 0
0x01AB	0x3000      	MOVLW      0
0x01AC	0x00F0      	MOVWF      R0
0x01AD	0x0870      	MOVF       R0, 0
0x01AE	0x1D03      	BTFSS      STATUS, 2
0x01AF	0x29B1      	GOTO       L__main10
0x01B0	0x29B3      	GOTO       L_main6
L__main10:
;FinalPIC2.c,48 :: 		PORTB = PORTB | 0x01; //turn on LED
0x01B1	0x1406      	BSF        PORTB, 0
;FinalPIC2.c,50 :: 		}
0x01B2	0x29B5      	GOTO       L_main7
L_main6:
;FinalPIC2.c,53 :: 		PORTB = PORTB & 0xfe; //turn off LED
0x01B3	0x30FE      	MOVLW      254
0x01B4	0x0586      	ANDWF      PORTB, 1
;FinalPIC2.c,54 :: 		}
L_main7:
;FinalPIC2.c,57 :: 		}
0x01B5	0x296B      	GOTO       L_main2
;FinalPIC2.c,58 :: 		}
L_end_main:
0x01B6	0x29B6      	GOTO       $+0
; end of _main
Symbol List:
//** Routines locations **
//ADDRESS    SIZE    PROCEDURE
//----------------------------------------------
0x0004      [51]    _interrupt
0x0037       [4]    _FIXSIGN32
0x003B      [12]    _SETFUN32
0x0047       [7]    _RES032
0x004E       [7]    _____DoICP
0x0055      [47]    _NRM3232
0x0084      [80]    _Compare_Double
0x00D4      [22]    _word2double
0x00EA      [29]    _Div_16X16_U
0x0107      [15]    _ATD_read
0x0116      [43]    _Mul_16X16_U
0x0141      [12]    ___CC2DW
0x014D     [106]    _main
//** Variables locations ** 
//ADDRESS    SIZE    VARIABLE
//----------------------------------------------
0x0000       [1]    INDF
0x0001       [1]    TMR0
0x0002       [1]    PCL
0x0003       [1]    STATUS
0x0004       [1]    FSR
0x0006       [1]    PORTB
0x000A       [1]    PCLATH
0x000B       [1]    INTCON
0x001E       [1]    ADRESH
0x001F       [1]    ADCON0
0x0020       [1]    __math_tempbD
0x0024       [4]    _upper_limit
0x0028       [4]    _lower_limit
0x002C       [2]    _Dcntr
0x002E       [2]    ___DoICPAddr
0x0030       [2]    _myVoltage
0x0032       [2]    _myreading
0x0034       [1]    ___savePCLATH
0x0035       [1]    ___saveSTATUS
0x0070       [1]    R0
0x0071       [1]    R1
0x0072       [1]    R2
0x0073       [1]    R3
0x0074       [1]    R4
0x0075       [1]    R5
0x0076       [1]    R6
0x0077       [1]    R7
0x0078       [1]    R8
0x0079       [1]    R9
0x007A       [1]    R10
0x007B       [1]    R11
0x007C       [1]    R12
0x007D       [1]    R13
0x007E       [1]    R14
0x007F       [1]    R15
0x0085       [1]    TRISA
0x0086       [1]    TRISB
0x009E       [1]    ADRESL
0x009F       [1]    ADCON1
